<?xml version="1.0" encoding="UTF-8"?>
<testng-results ignored="0" total="3" passed="3" failed="0" skipped="0">
  <reporter-output>
  </reporter-output>
  <suite started-at="2022-12-02T23:01:46 IST" name="Suite" finished-at="2022-12-02T23:02:05 IST" duration-ms="19499">
    <groups>
    </groups>
    <test started-at="2022-12-02T23:01:46 IST" name="Test-0" finished-at="2022-12-02T23:01:56 IST" duration-ms="10738">
      <class name="pramodpoojary.CrossBrowserTest">
        <test-method signature="demoTest()[pri:0, instance:pramodpoojary.CrossBrowserTest@765f05af]" started-at="2022-12-02T23:01:46 IST" name="demoTest" finished-at="2022-12-02T23:01:56 IST" duration-ms="10693" status="PASS">
          <reporter-output>
          </reporter-output>
        </test-method> <!-- demoTest -->
      </class> <!-- pramodpoojary.CrossBrowserTest -->
    </test> <!-- Test-0 -->
    <test started-at="2022-12-02T23:01:46 IST" name="Test-1" finished-at="2022-12-02T23:02:03 IST" duration-ms="17008">
      <class name="pramodpoojary.CrossBrowserTest">
        <test-method signature="demoTest()[pri:0, instance:pramodpoojary.CrossBrowserTest@3b7ff809]" started-at="2022-12-02T23:01:46 IST" name="demoTest" finished-at="2022-12-02T23:02:03 IST" duration-ms="16972" status="PASS">
          <reporter-output>
          </reporter-output>
        </test-method> <!-- demoTest -->
      </class> <!-- pramodpoojary.CrossBrowserTest -->
    </test> <!-- Test-1 -->
    <test started-at="2022-12-02T23:01:46 IST" name="Test-2" finished-at="2022-12-02T23:02:05 IST" duration-ms="19499">
      <class name="pramodpoojary.CrossBrowserTest">
        <test-method signature="demoTest()[pri:0, instance:pramodpoojary.CrossBrowserTest@7b8233cd]" started-at="2022-12-02T23:01:46 IST" name="demoTest" finished-at="2022-12-02T23:02:05 IST" duration-ms="19463" status="PASS">
          <reporter-output>
          </reporter-output>
        </test-method> <!-- demoTest -->
      </class> <!-- pramodpoojary.CrossBrowserTest -->
    </test> <!-- Test-2 -->
  </suite> <!-- Suite -->
</testng-results>
