<?xml version="1.0" encoding="UTF-8"?>
<testsuite xmlns:xsi="http://www.w3.org/2001/XMLSchema-instance" xsi:noNamespaceSchemaLocation="https://maven.apache.org/surefire/maven-surefire-plugin/xsd/surefire-test-report-3.0.xsd" version="3.0" name="TestSuite" time="19.878" tests="3" errors="0" skipped="0" failures="0">
  <properties>
[...]
</properties>
  <testcase name="demoTest" classname="pramodpoojary.CrossBrowserTest" time="10.699">
    <system-err><![CDATA[Dec 02, 2022 11:01:46 PM org.openqa.selenium.remote.tracing.opentelemetry.OpenTelemetryTracer createTracer
INFO: Using OpenTelemetry for tracing
]]></system-err>
  </testcase>
  <testcase name="demoTest" classname="pramodpoojary.CrossBrowserTest" time="16.972"/>
  <testcase name="demoTest" classname="pramodpoojary.CrossBrowserTest" time="19.462"/>
</testsuite>